<?xml version="1.0" encoding="UTF-8"?>
<!-- Generated by org.testng.reporters.JUnitReportReporter -->
<testsuite hostname="Spidy" failures="0" tests="3" name="practice.testng.CreateContact_DataProvider2Test" time="0.017" errors="0" timestamp="29 Aug 2024 06:14:20 GMT" skipped="0">
  <testcase classname="practice.testng.CreateContact_DataProvider2Test" name="createContactTest" time="0.013"/>
  <testcase classname="practice.testng.CreateContact_DataProvider2Test" name="createContactTest" time="0.002"/>
  <testcase classname="practice.testng.CreateContact_DataProvider2Test" name="createContactTest" time="0.002"/>
</testsuite> <!-- practice.testng.CreateContact_DataProvider2Test -->
