<?xml version="1.0" encoding="UTF-8"?>
<!-- Generated by org.testng.reporters.JUnitReportReporter -->
<testsuite hostname="Spidy" failures="0" tests="2" name="com.comcast.crm.orgtest.CreateOrgTest" time="0.010" errors="0" timestamp="2024-08-30T16:58:09 IST" skipped="0">
  <testcase classname="com.comcast.crm.orgtest.CreateOrgTest" name="createOrgTest" time="0.005"/>
  <system-out/>
  <testcase classname="com.comcast.crm.orgtest.CreateOrgTest" name="createOrgWithIndustryTest" time="0.005"/>
  <system-out/>
</testsuite> <!-- com.comcast.crm.orgtest.CreateOrgTest -->
