<?xml version="1.0" encoding="UTF-8"?>
<!-- Generated by org.testng.reporters.JUnitReportReporter -->
<testsuite hostname="Spidy" failures="0" tests="1" name="practice.extentReportTest.SampleReportTest" time="0.026" errors="0" timestamp="2024-09-09T15:57:25 IST" skipped="0">
  <testcase classname="practice.extentReportTest.SampleReportTest" name="createContactTest" time="0.026"/>
  <system-out/>
</testsuite> <!-- practice.extentReportTest.SampleReportTest -->
