<?xml version="1.0" encoding="UTF-8"?>
<!-- Generated by org.testng.reporters.JUnitReportReporter -->
<testsuite hostname="Spidy" failures="0" tests="1" name="practice.testng.ContactTest" time="0.013" errors="0" timestamp="28 Aug 2024 17:46:46 GMT" skipped="0">
  <testcase classname="practice.testng.ContactTest" name="createContactTest" time="0.013"/>
</testsuite> <!-- practice.testng.ContactTest -->
