<?xml version="1.0" encoding="UTF-8"?>
<!-- Generated by org.testng.reporters.JUnitReportReporter -->
<testsuite hostname="Spidy" failures="0" tests="2" name="com.comcast.crm.contacttest.CreateContactTest" time="0.011" errors="0" timestamp="2024-08-30T16:58:09 IST" skipped="0">
  <testcase classname="com.comcast.crm.contacttest.CreateContactTest" name="createContactWithDateTest" time="0.003"/>
  <system-out/>
  <testcase classname="com.comcast.crm.contacttest.CreateContactTest" name="createContactTest" time="0.008"/>
  <system-out/>
</testsuite> <!-- com.comcast.crm.contacttest.CreateContactTest -->
