<?xml version="1.0" encoding="UTF-8"?>
<!-- Generated by org.testng.reporters.JUnitReportReporter -->
<testsuite hostname="Spidy" failures="0" tests="1" name="practice.testng.SampleTestForScreenshotTest" time="4.804" errors="0" timestamp="2024-09-03T13:34:49 IST" skipped="0">
  <testcase classname="practice.testng.SampleTestForScreenshotTest" name="amazonTest" time="4.804"/>
  <system-out/>
</testsuite> <!-- practice.testng.SampleTestForScreenshotTest -->
