<?xml version="1.0" encoding="UTF-8"?>
<!-- Generated by org.testng.reporters.JUnitReportReporter -->
<testsuite hostname="Spidy" failures="0" tests="1" name="practicedatadriventesting.CreateOrgUsingJSONAndExcelTest" time="16.333" errors="0" timestamp="13 Aug 2024 04:42:51 GMT" skipped="0">
  <testcase classname="practicedatadriventesting.CreateOrgUsingJSONAndExcelTest" name="CreateOrgtest" time="16.333"/>
</testsuite> <!-- practicedatadriventesting.CreateOrgUsingJSONAndExcelTest -->
