<?xml version="1.0" encoding="UTF-8"?>
<!-- Generated by org.testng.reporters.JUnitReportReporter -->
<testsuite hostname="Spidy" failures="0" tests="11" name="practice.testng.Contact1Test" time="0.034" errors="0" timestamp="28 Aug 2024 18:50:08 GMT" skipped="0">
  <testcase classname="practice.testng.Contact1Test" name="modifyContactTest" time="0.001"/>
  <testcase classname="practice.testng.Contact1Test" name="createContactTest" time="0.005"/>
  <testcase classname="practice.testng.Contact1Test" name="createContactTest" time="0.011"/>
  <testcase classname="practice.testng.Contact1Test" name="createContactTest" time="0.004"/>
  <testcase classname="practice.testng.Contact1Test" name="createContactTest" time="0.001"/>
  <testcase classname="practice.testng.Contact1Test" name="createContactTest" time="0.002"/>
  <testcase classname="practice.testng.Contact1Test" name="createContactTest" time="0.003"/>
  <testcase classname="practice.testng.Contact1Test" name="createContactTest" time="0.003"/>
  <testcase classname="practice.testng.Contact1Test" name="createContactTest" time="0.000"/>
  <testcase classname="practice.testng.Contact1Test" name="createContactTest" time="0.001"/>
  <testcase classname="practice.testng.Contact1Test" name="createContactTest" time="0.003"/>
</testsuite> <!-- practice.testng.Contact1Test -->
