<?xml version="1.0" encoding="UTF-8"?>
<!-- Generated by org.testng.reporters.JUnitReportReporter -->
<testsuite hostname="Spidy" failures="0" tests="2" name="com.crm.comcast.contacttest.CreateContactTest" time="0.020" errors="0" timestamp="30 Aug 2024 07:04:00 GMT" skipped="0">
  <testcase classname="com.crm.comcast.contacttest.CreateContactTest" name="createContactTest" time="0.012"/>
  <testcase classname="com.crm.comcast.contacttest.CreateContactTest" name="createContactWithDateTest" time="0.008"/>
</testsuite> <!-- com.crm.comcast.contacttest.CreateContactTest -->
