<?xml version="1.0" encoding="UTF-8"?>
<!-- Generated by org.testng.reporters.JUnitReportReporter -->
<testsuite hostname="Spidy" failures="0" tests="3" name="practice.testng.CreateContact_DataProviderTest" time="0.018" errors="0" timestamp="29 Aug 2024 06:06:13 GMT" skipped="0">
  <testcase classname="practice.testng.CreateContact_DataProviderTest" name="createContactTest" time="0.003"/>
  <testcase classname="practice.testng.CreateContact_DataProviderTest" name="createContactTest" time="0.012"/>
  <testcase classname="practice.testng.CreateContact_DataProviderTest" name="createContactTest" time="0.003"/>
</testsuite> <!-- practice.testng.CreateContact_DataProviderTest -->
