<?xml version="1.0" encoding="UTF-8"?>
<!-- Generated by org.testng.reporters.JUnitReportReporter -->
<testsuite hostname="Spidy" failures="0" tests="1" name="practice.datadriventesting.CreateOrgUsingXmlAndExcelTest" time="28.971" errors="0" timestamp="2024-09-07T18:14:41 IST" skipped="0">
  <testcase classname="practice.datadriventesting.CreateOrgUsingXmlAndExcelTest" name="CreateOrgtest" time="28.971"/>
  <system-out/>
</testsuite> <!-- practice.datadriventesting.CreateOrgUsingXmlAndExcelTest -->
