<?xml version="1.0" encoding="UTF-8"?>
<!-- Generated by org.testng.reporters.JUnitReportReporter -->
<testsuite hostname="Spidy" failures="0" tests="2" name="com.crm.comcast.orgtest.CreateOrgTest" time="0.007" errors="0" timestamp="30 Aug 2024 07:00:51 GMT" skipped="0">
  <testcase classname="com.crm.comcast.orgtest.CreateOrgTest" name="createOrgTest" time="0.003"/>
  <testcase classname="com.crm.comcast.orgtest.CreateOrgTest" name="createOrgWithIndustryTest" time="0.004"/>
</testsuite> <!-- com.crm.comcast.orgtest.CreateOrgTest -->
