<?xml version="1.0" encoding="UTF-8"?>
<!-- Generated by org.testng.reporters.JUnitReportReporter -->
<testsuite hostname="Spidy" failures="0" tests="1" name="practicedatadriventesting.CreateOrgUsingXmlAndExcelTest" time="28.018" errors="0" timestamp="14 Aug 2024 18:49:35 GMT" skipped="0">
  <testcase classname="practicedatadriventesting.CreateOrgUsingXmlAndExcelTest" name="CreateOrgtest" time="28.018"/>
</testsuite> <!-- practicedatadriventesting.CreateOrgUsingXmlAndExcelTest -->
