<?xml version="1.0" encoding="UTF-8"?>
<!-- Generated by org.testng.reporters.JUnitReportReporter -->
<testsuite hostname="Spidy" failures="0" tests="1" name="practicedatadriventesting.ReadRnTimeMavenParameterTest" time="0.013" errors="0" timestamp="10 Aug 2024 02:37:29 GMT" skipped="0">
  <testcase classname="practicedatadriventesting.ReadRnTimeMavenParameterTest" name="runTimeParameterTest" time="0.013"/>
</testsuite> <!-- practicedatadriventesting.ReadRnTimeMavenParameterTest -->
