<?xml version="1.0" encoding="UTF-8"?>
<!-- Generated by org.testng.reporters.JUnitReportReporter -->
<testsuite hostname="Spidy" failures="0" tests="2" name="com.pac1.CreateContactTest" time="0.018" errors="0" timestamp="30 Aug 2024 05:04:22 GMT" skipped="0">
  <testcase classname="com.pac1.CreateContactTest" name="createContactDateTest" time="0.010"/>
  <testcase classname="com.pac1.CreateContactTest" name="createContactTest" time="0.008"/>
</testsuite> <!-- com.pac1.CreateContactTest -->
