<?xml version="1.0" encoding="UTF-8"?>
<!-- Generated by org.testng.reporters.JUnitReportReporter -->
<testsuite hostname="Spidy" failures="0" tests="1" name="practicedatadriventesting.ReadDataFromTestNGXmlTest" time="0.013" errors="0" timestamp="12 Aug 2024 18:34:56 GMT" skipped="0">
  <testcase classname="practicedatadriventesting.ReadDataFromTestNGXmlTest" name="sampleTest" time="0.013"/>
</testsuite> <!-- practicedatadriventesting.ReadDataFromTestNGXmlTest -->
