<?xml version="1.0" encoding="UTF-8"?>
<!-- Generated by org.testng.reporters.JUnitReportReporter -->
<testsuite hostname="Spidy" failures="0" tests="1" name="practice.extentReportTest.SampleReport_attachscreenshot3Test" time="9.076" errors="0" timestamp="2024-09-10T16:01:53 IST" skipped="0">
  <testcase classname="practice.extentReportTest.SampleReport_attachscreenshot3Test" name="createContactTest" time="9.076"/>
  <system-out/>
</testsuite> <!-- practice.extentReportTest.SampleReport_attachscreenshot3Test -->
